# JRE version: OpenJDK Runtime Environment (11.0.10) (build 11.0.10+0-b96-7249189)
# Java VM: OpenJDK 64-Bit Server VM (11.0.10+0-b96-7249189, mixed mode, tiered, compressed oops, g1 gc, windows-amd64)
Heap:
 garbage-first heap   total 262144K, used 136838K [0x0000000080000000, 0x0000000100000000)
  region size 1024K, 17 young (17408K), 7 survivors (7168K)
 Metaspace       used 121741K, capacity 124907K, committed 126028K, reserved 1159168K
  class space    used 15634K, capacity 16839K, committed 17228K, reserved 1048576K
GC Heap History (20 events):
Event: 17.244 GC heap before
{Heap before GC invocations=16 (full 0):
 garbage-first heap   total 262144K, used 188949K [0x0000000080000000, 0x0000000100000000)
  region size 1024K, 116 young (118784K), 9 survivors (9216K)
 Metaspace       used 92345K, capacity 94564K, committed 94924K, reserved 1132544K
  class space    used 11797K, capacity 12629K, committed 12748K, reserved 1048576K
}
Event: 17.257 GC heap after
{Heap after GC invocations=17 (full 0):
 garbage-first heap   total 262144K, used 87711K [0x0000000080000000, 0x0000000100000000)
  region size 1024K, 12 young (12288K), 12 survivors (12288K)
 Metaspace       used 92345K, capacity 94564K, committed 94924K, reserved 1132544K
  class space    used 11797K, capacity 12629K, committed 12748K, reserved 1048576K
}
Event: 26.804 GC heap before
{Heap before GC invocations=17 (full 0):
 garbage-first heap   total 262144K, used 195231K [0x0000000080000000, 0x0000000100000000)
  region size 1024K, 118 young (120832K), 12 survivors (12288K)
 Metaspace       used 97854K, capacity 100280K, committed 100556K, reserved 1136640K
  class space    used 12556K, capacity 13459K, committed 13516K, reserved 1048576K
}
Event: 26.818 GC heap after
{Heap after GC invocations=18 (full 0):
 garbage-first heap   total 262144K, used 92977K [0x0000000080000000, 0x0000000100000000)
  region size 1024K, 12 young (12288K), 12 survivors (12288K)
 Metaspace       used 97854K, capacity 100280K, committed 100556K, reserved 1136640K
  class space    used 12556K, capacity 13459K, committed 13516K, reserved 1048576K
}
Event: 28.502 GC heap before
{Heap before GC invocations=18 (full 0):
 garbage-first heap   total 262144K, used 207665K [0x0000000080000000, 0x0000000100000000)
  region size 1024K, 119 young (121856K), 12 survivors (12288K)
 Metaspace       used 107837K, capacity 110536K, committed 110668K, reserved 1144832K
  class space    used 13821K, capacity 14797K, committed 14924K, reserved 1048576K
}
Event: 28.519 GC heap after
{Heap after GC invocations=19 (full 0):
 garbage-first heap   total 262144K, used 103708K [0x0000000080000000, 0x0000000100000000)
  region size 1024K, 14 young (14336K), 14 survivors (14336K)
 Metaspace       used 107837K, capacity 110536K, committed 110668K, reserved 1144832K
  class space    used 13821K, capacity 14797K, committed 14924K, reserved 1048576K
}
Event: 28.695 GC heap before
{Heap before GC invocations=19 (full 0):
 garbage-first heap   total 262144K, used 114972K [0x0000000080000000, 0x0000000100000000)
  region size 1024K, 26 young (26624K), 14 survivors (14336K)
 Metaspace       used 109862K, capacity 112638K, committed 112716K, reserved 1146880K
  class space    used 14132K, capacity 15149K, committed 15180K, reserved 1048576K
}
Event: 28.713 GC heap after
{Heap after GC invocations=20 (full 0):
 garbage-first heap   total 262144K, used 103319K [0x0000000080000000, 0x0000000100000000)
  region size 1024K, 3 young (3072K), 3 survivors (3072K)
 Metaspace       used 109862K, capacity 112638K, committed 112716K, reserved 1146880K
  class space    used 14132K, capacity 15149K, committed 15180K, reserved 1048576K
}
Event: 29.641 GC heap before
{Heap before GC invocations=21 (full 0):
 garbage-first heap   total 262144K, used 209815K [0x0000000080000000, 0x0000000100000000)
  region size 1024K, 108 young (110592K), 3 survivors (3072K)
 Metaspace       used 116977K, capacity 120224K, committed 120396K, reserved 1153024K
  class space    used 15206K, capacity 16428K, committed 16460K, reserved 1048576K
}
Event: 29.661 GC heap after
{Heap after GC invocations=22 (full 0):
 garbage-first heap   total 262144K, used 111356K [0x0000000080000000, 0x0000000100000000)
  region size 1024K, 11 young (11264K), 11 survivors (11264K)
 Metaspace       used 116977K, capacity 120224K, committed 120396K, reserved 1153024K
  class space    used 15206K, capacity 16428K, committed 16460K, reserved 1048576K
}
Event: 30.525 GC heap before
{Heap before GC invocations=23 (full 0):
 garbage-first heap   total 262144K, used 187132K [0x0000000080000000, 0x0000000100000000)
  region size 1024K, 70 young (71680K), 11 survivors (11264K)
 Metaspace       used 120086K, capacity 123448K, committed 123724K, reserved 1157120K
  class space    used 15675K, capacity 16930K, committed 16972K, reserved 1048576K
}
Event: 30.537 GC heap after
{Heap after GC invocations=24 (full 0):
 garbage-first heap   total 262144K, used 120743K [0x0000000080000000, 0x0000000100000000)
  region size 1024K, 4 young (4096K), 4 survivors (4096K)
 Metaspace       used 120086K, capacity 123448K, committed 123724K, reserved 1157120K
  class space    used 15675K, capacity 16930K, committed 16972K, reserved 1048576K
}
Event: 1015.797 GC heap before
{Heap before GC invocations=25 (full 0):
 garbage-first heap   total 262144K, used 200615K [0x0000000080000000, 0x0000000100000000)
  region size 1024K, 84 young (86016K), 4 survivors (4096K)
 Metaspace       used 121875K, capacity 125478K, committed 125772K, reserved 1157120K
  class space    used 15826K, capacity 17188K, committed 17228K, reserved 1048576K
}
Event: 1015.811 GC heap after
{Heap after GC invocations=26 (full 0):
 garbage-first heap   total 262144K, used 112862K [0x0000000080000000, 0x0000000100000000)
  region size 1024K, 7 young (7168K), 7 survivors (7168K)
 Metaspace       used 121875K, capacity 125478K, committed 125772K, reserved 1157120K
  class space    used 15826K, capacity 17188K, committed 17228K, reserved 1048576K
}
Event: 1016.267 GC heap before
{Heap before GC invocations=27 (full 0):
 garbage-first heap   total 262144K, used 182494K [0x0000000080000000, 0x0000000100000000)
  region size 1024K, 67 young (68608K), 7 survivors (7168K)
 Metaspace       used 121433K, capacity 124716K, committed 125772K, reserved 1157120K
  class space    used 15637K, capacity 16846K, committed 17228K, reserved 1048576K
}
Event: 1016.317 GC heap after
{Heap after GC invocations=28 (full 0):
 garbage-first heap   total 262144K, used 133565K [0x0000000080000000, 0x0000000100000000)
  region size 1024K, 14 young (14336K), 14 survivors (14336K)
 Metaspace       used 121433K, capacity 124716K, committed 125772K, reserved 1157120K
  class space    used 15637K, capacity 16846K, committed 17228K, reserved 1048576K
}
Event: 1017.624 GC heap before
{Heap before GC invocations=29 (full 0):
 garbage-first heap   total 262144K, used 208317K [0x0000000080000000, 0x0000000100000000)
  region size 1024K, 82 young (83968K), 14 survivors (14336K)
 Metaspace       used 121545K, capacity 124796K, committed 125772K, reserved 1157120K
  class space    used 15639K, capacity 16849K, committed 17228K, reserved 1048576K
}
Event: 1017.643 GC heap after
{Heap after GC invocations=30 (full 0):
 garbage-first heap   total 262144K, used 135710K [0x0000000080000000, 0x0000000100000000)
  region size 1024K, 6 young (6144K), 6 survivors (6144K)
 Metaspace       used 121545K, capacity 124796K, committed 125772K, reserved 1157120K
  class space    used 15639K, capacity 16849K, committed 17228K, reserved 1048576K
}
Event: 1021.229 GC heap before
{Heap before GC invocations=30 (full 0):
 garbage-first heap   total 262144K, used 180766K [0x0000000080000000, 0x0000000100000000)
  region size 1024K, 52 young (53248K), 6 survivors (6144K)
 Metaspace       used 121766K, capacity 124951K, committed 126028K, reserved 1159168K
  class space    used 15642K, capacity 16854K, committed 17228K, reserved 1048576K
}
Event: 1021.256 GC heap after
{Heap after GC invocations=31 (full 0):
 garbage-first heap   total 262144K, used 136771K [0x0000000080000000, 0x0000000100000000)
  region size 1024K, 7 young (7168K), 7 survivors (7168K)
 Metaspace       used 121766K, capacity 124951K, committed 126028K, reserved 1159168K
  class space    used 15642K, capacity 16854K, committed 17228K, reserved 1048576K
}

